<?xml version="1.0" encoding="UTF-8"?>
<testng-results skipped="0" failed="0" ignored="0" total="1" passed="1">
  <reporter-output>
  </reporter-output>
  <suite name="Suite" duration-ms="71184" started-at="2017-09-01T17:22:05Z" finished-at="2017-09-01T17:23:16Z">
    <groups>
    </groups>
    <test name="Test" duration-ms="71184" started-at="2017-09-01T17:22:05Z" finished-at="2017-09-01T17:23:16Z">
      <class name="Test.mainExecution">
        <test-method status="PASS" signature="mainTest()[pri:0, instance:Test.mainExecution@46d56d67]" name="mainTest" duration-ms="71168" started-at="2017-09-01T12:22:05Z" finished-at="2017-09-01T12:23:16Z">
          <reporter-output>
          </reporter-output>
        </test-method> <!-- mainTest -->
      </class> <!-- Test.mainExecution -->
    </test> <!-- Test -->
  </suite> <!-- Suite -->
</testng-results>
